mode: atomic
github.com/Dev-cmyser/calc_ipoteka/internal/usecase/ucmortgage/mortgage.go:25.93,30.22 2 7
github.com/Dev-cmyser/calc_ipoteka/internal/usecase/ucmortgage/mortgage.go:30.22,33.4 2 3
github.com/Dev-cmyser/calc_ipoteka/internal/usecase/ucmortgage/mortgage.go:38.108,39.86 1 7
github.com/Dev-cmyser/calc_ipoteka/internal/usecase/ucmortgage/mortgage.go:39.86,41.3 1 1
github.com/Dev-cmyser/calc_ipoteka/internal/usecase/ucmortgage/mortgage.go:43.2,45.16 2 6
github.com/Dev-cmyser/calc_ipoteka/internal/usecase/ucmortgage/mortgage.go:45.16,47.3 1 3
github.com/Dev-cmyser/calc_ipoteka/internal/usecase/ucmortgage/mortgage.go:49.2,72.16 7 3
github.com/Dev-cmyser/calc_ipoteka/internal/usecase/ucmortgage/mortgage.go:72.16,74.3 1 0
github.com/Dev-cmyser/calc_ipoteka/internal/usecase/ucmortgage/mortgage.go:76.2,76.20 1 3
github.com/Dev-cmyser/calc_ipoteka/internal/usecase/ucmortgage/mortgage.go:79.74,90.30 4 3
github.com/Dev-cmyser/calc_ipoteka/internal/usecase/ucmortgage/mortgage.go:90.30,92.3 1 3
github.com/Dev-cmyser/calc_ipoteka/internal/usecase/ucmortgage/mortgage.go:92.8,94.3 1 0
github.com/Dev-cmyser/calc_ipoteka/internal/usecase/ucmortgage/mortgage.go:96.2,97.42 2 3
github.com/Dev-cmyser/calc_ipoteka/internal/usecase/ucmortgage/mortgage.go:97.42,99.3 1 3
github.com/Dev-cmyser/calc_ipoteka/internal/usecase/ucmortgage/mortgage.go:99.8,101.3 1 0
github.com/Dev-cmyser/calc_ipoteka/internal/usecase/ucmortgage/mortgage.go:103.2,105.12 2 3
github.com/Dev-cmyser/calc_ipoteka/internal/usecase/ucmortgage/mortgage.go:108.88,111.40 2 6
github.com/Dev-cmyser/calc_ipoteka/internal/usecase/ucmortgage/mortgage.go:111.40,113.3 1 3
github.com/Dev-cmyser/calc_ipoteka/internal/usecase/ucmortgage/mortgage.go:114.2,114.44 1 6
github.com/Dev-cmyser/calc_ipoteka/internal/usecase/ucmortgage/mortgage.go:114.44,116.3 1 3
github.com/Dev-cmyser/calc_ipoteka/internal/usecase/ucmortgage/mortgage.go:117.2,117.36 1 6
github.com/Dev-cmyser/calc_ipoteka/internal/usecase/ucmortgage/mortgage.go:117.36,119.3 1 2
github.com/Dev-cmyser/calc_ipoteka/internal/usecase/ucmortgage/mortgage.go:121.2,121.27 1 6
github.com/Dev-cmyser/calc_ipoteka/internal/usecase/ucmortgage/mortgage.go:121.27,123.3 1 1
github.com/Dev-cmyser/calc_ipoteka/internal/usecase/ucmortgage/mortgage.go:123.8,123.33 1 5
github.com/Dev-cmyser/calc_ipoteka/internal/usecase/ucmortgage/mortgage.go:123.33,125.3 1 2
github.com/Dev-cmyser/calc_ipoteka/internal/usecase/ucmortgage/mortgage.go:127.2,127.9 1 3
github.com/Dev-cmyser/calc_ipoteka/internal/usecase/ucmortgage/mortgage.go:128.42,129.18 1 1
github.com/Dev-cmyser/calc_ipoteka/internal/usecase/ucmortgage/mortgage.go:130.46,131.18 1 1
github.com/Dev-cmyser/calc_ipoteka/internal/usecase/ucmortgage/mortgage.go:132.38,133.19 1 1
github.com/Dev-cmyser/calc_ipoteka/internal/usecase/ucmortgage/mortgage.go:134.10,135.38 1 0
github.com/Dev-cmyser/calc_ipoteka/internal/usecase/ucmortgage/mortgage.go:139.66,142.2 2 3
github.com/Dev-cmyser/calc_ipoteka/internal/usecase/ucmortgage/mortgage.go:144.48,147.2 2 3
github.com/Dev-cmyser/calc_ipoteka/internal/usecase/ucmortgage/mortgage.go:150.92,153.20 2 0
github.com/Dev-cmyser/calc_ipoteka/internal/usecase/ucmortgage/mortgage.go:153.20,155.3 1 0
github.com/Dev-cmyser/calc_ipoteka/internal/usecase/ucmortgage/mortgage.go:157.2,159.25 2 0
github.com/Dev-cmyser/calc_ipoteka/internal/usecase/ucmortgage/mortgage.go:159.25,163.3 2 0
github.com/Dev-cmyser/calc_ipoteka/internal/usecase/ucmortgage/mortgage.go:165.2,165.17 1 0
