mode: atomic
github.com/Dev-cmyser/calc_ipoteka/internal/controller/http/v1/error.go:30.55,35.2 1 4
github.com/Dev-cmyser/calc_ipoteka/internal/controller/http/v1/error.go:37.36,39.2 1 0
github.com/Dev-cmyser/calc_ipoteka/internal/controller/http/v1/error.go:41.34,43.2 1 0
github.com/Dev-cmyser/calc_ipoteka/internal/controller/http/v1/error.go:45.36,47.2 1 0
github.com/Dev-cmyser/calc_ipoteka/internal/controller/http/v1/error.go:49.78,50.38 1 0
github.com/Dev-cmyser/calc_ipoteka/internal/controller/http/v1/error.go:50.38,51.38 1 0
github.com/Dev-cmyser/calc_ipoteka/internal/controller/http/v1/error.go:51.38,54.4 2 0
github.com/Dev-cmyser/calc_ipoteka/internal/controller/http/v1/error.go:56.2,56.83 1 0
github.com/Dev-cmyser/calc_ipoteka/internal/controller/http/v1/middleware.go:10.41,11.30 1 3
github.com/Dev-cmyser/calc_ipoteka/internal/controller/http/v1/middleware.go:11.30,21.3 5 3
github.com/Dev-cmyser/calc_ipoteka/internal/controller/http/v1/mortgage.go:27.82,31.2 3 3
github.com/Dev-cmyser/calc_ipoteka/internal/controller/http/v1/mortgage.go:31.2,34.3 2 3
github.com/Dev-cmyser/calc_ipoteka/internal/controller/http/v1/mortgage.go:43.48,45.16 2 0
github.com/Dev-cmyser/calc_ipoteka/internal/controller/http/v1/mortgage.go:45.16,49.3 2 0
github.com/Dev-cmyser/calc_ipoteka/internal/controller/http/v1/mortgage.go:50.2,51.8 2 0
github.com/Dev-cmyser/calc_ipoteka/internal/controller/http/v1/mortgage.go:68.50,71.47 2 2
github.com/Dev-cmyser/calc_ipoteka/internal/controller/http/v1/mortgage.go:71.47,74.3 2 0
github.com/Dev-cmyser/calc_ipoteka/internal/controller/http/v1/mortgage.go:76.2,79.16 3 2
github.com/Dev-cmyser/calc_ipoteka/internal/controller/http/v1/mortgage.go:79.16,83.3 2 0
github.com/Dev-cmyser/calc_ipoteka/internal/controller/http/v1/mortgage.go:85.2,88.8 3 0
github.com/Dev-cmyser/calc_ipoteka/internal/controller/http/v1/router.go:16.69,26.2 8 3
github.com/Dev-cmyser/calc_ipoteka/internal/controller/http/v1/router.go:26.2,28.3 1 3
